<?xml version="1.0" encoding="UTF-8"?>
<testsuite name="LibraryTest" tests="1" skipped="0" failures="0" errors="0" timestamp="2016-02-24T11:20:26" hostname="www5058uj.sakura.ne.jp" time="0.079">
  <properties/>
  <testcase name="testCharSet" classname="LibraryTest" time="0.079"/>
  <system-out><![CDATA[]]></system-out>
  <system-err><![CDATA[]]></system-err>
</testsuite>
