<?xml version="1.0"?>
<testsuite name="Chrome 71.0.3578 (Mac OS X 10.14.2)" package="" timestamp="2018-12-22T00:08:01" id="0" hostname="ToshiakinoMacBook-Air.local" tests="4" errors="0" failures="0" time="0.175">
  <properties>
    <property name="browser.fullName" value="Mozilla/5.0 (Macintosh; Intel Mac OS X 10_14_2) AppleWebKit/537.36 (KHTML, like Gecko) Chrome/71.0.3578.98 Safari/537.36"/>
  </properties>
  <testcase name="AppComponent should create the app" time="0.093" classname="AppComponent"/>
  <testcase name="AppComponent should have as title 'jest1'" time="0.046" classname="AppComponent"/>
  <testcase name="AppComponent should render title in a h1 tag" time="0.035" classname="AppComponent"/>
  <testcase name="hello hello()" time="0.001" classname="hello"/>
  <system-out>
    <![CDATA[
]]>
  </system-out>
  <system-err/>
</testsuite>