<?xml version="1.0" encoding="UTF-8"?>
<testsuite name="LibraryTest" tests="2" skipped="0" failures="0" errors="0" timestamp="2016-03-08T07:37:11" hostname="www5058uj.sakura.ne.jp" time="0.371">
  <properties/>
  <testcase name="testSomeLibraryMethod" classname="LibraryTest" time="0.347"/>
  <testcase name="testSomeLibraryMethodZZ" classname="LibraryTest" time="0.023"/>
  <system-out><![CDATA[]]></system-out>
  <system-err><![CDATA[]]></system-err>
</testsuite>
