<?xml version="1.0" encoding="UTF-8"?>
<testsuite name="LibraryTest" tests="2" skipped="0" failures="0" errors="0" timestamp="2016-06-28T08:54:47" hostname="www5058uj.sakura.ne.jp" time="0.015">
  <properties/>
  <testcase name="testSomeLibraryMethod" classname="LibraryTest" time="0.004"/>
  <testcase name="testCollections" classname="LibraryTest" time="0.01"/>
  <system-out><![CDATA[]]></system-out>
  <system-err><![CDATA[]]></system-err>
</testsuite>
