<?xml version="1.0" encoding="UTF-8"?>
<testsuite name="LibraryTest" tests="1" skipped="0" failures="0" errors="0" timestamp="2016-03-07T02:38:01" hostname="www5058uj.sakura.ne.jp" time="0.003">
  <properties/>
  <testcase name="testABC" classname="LibraryTest" time="0.003"/>
  <system-out><![CDATA[
0>
3
1>
3
2>
3
3>
3
4>
3
5>
]]></system-out>
  <system-err><![CDATA[]]></system-err>
</testsuite>
